{"numFailedTestSuites":0,"numFailedTests":0,"numPassedTestSuites":5,"numPassedTests":15,"numPendingTestSuites":0,"numPendingTests":0,"numRuntimeErrorTestSuites":0,"numTodoTests":0,"numTotalTestSuites":5,"numTotalTests":15,"openHandles":[],"snapshot":{"added":0,"didUpdate":false,"failure":false,"filesAdded":0,"filesRemoved":0,"filesRemovedList":[],"filesUnmatched":0,"filesUpdated":0,"matched":0,"total":0,"unchecked":0,"uncheckedKeysByFile":[],"unmatched":0,"updated":0},"startTime":1780498717238,"success":true,"testResults":[{"assertionResults":[{"ancestorTitles":["Integración /search y /disease"],"duration":254,"failureDetails":[],"failureMessages":[],"fullName":"Integración /search y /disease GET /search retorna resultados traducidos según lang","invocations":1,"location":null,"numPassingAsserts":2,"retryReasons":[],"status":"passed","title":"GET /search retorna resultados traducidos según lang"},{"ancestorTitles":["Integración /search y /disease"],"duration":76,"failureDetails":[],"failureMessages":[],"fullName":"Integración /search y /disease GET /disease/:uri usa dbpediaService para URIs dbpedia","invocations":1,"location":null,"numPassingAsserts":2,"retryReasons":[],"status":"passed","title":"GET /disease/:uri usa dbpediaService para URIs dbpedia"},{"ancestorTitles":["Integración /search y /disease"],"duration":64,"failureDetails":[],"failureMessages":[],"fullName":"Integración /search y /disease GET /disease/:uri usa rdfService para ontología local","invocations":1,"location":null,"numPassingAsserts":2,"retryReasons":[],"status":"passed","title":"GET /disease/:uri usa rdfService para ontología local"}],"endTime":1780498732968,"message":"","name":"C:\\Users\\GutierreZ\\Documents\\GitHub\\BuscadorSematico\\Ont-Becas-Universitarias-Web-main\\Ont-Becas-Universitarias-Web-main\\Motor-Becas-Universitarias-full\\__tests__\\integration.search.detail.test.js","startTime":1780498717446,"status":"passed","summary":""},{"assertionResults":[{"ancestorTitles":[],"duration":2,"failureDetails":[],"failureMessages":[],"fullName":"_pickLiteral prefiere el idioma solicitado y hace fallback","invocations":1,"location":null,"numPassingAsserts":4,"retryReasons":[],"status":"passed","title":"_pickLiteral prefiere el idioma solicitado y hace fallback"}],"endTime":1780498733184,"message":"","name":"C:\\Users\\GutierreZ\\Documents\\GitHub\\BuscadorSematico\\Ont-Becas-Universitarias-Web-main\\Ont-Becas-Universitarias-Web-main\\Motor-Becas-Universitarias-full\\__tests__\\rdf_pickLiteral.test.js","startTime":1780498732998,"status":"passed","summary":""},{"assertionResults":[{"ancestorTitles":[],"duration":2,"failureDetails":[],"failureMessages":[],"fullName":"carga traducciones en inglés","invocations":1,"location":null,"numPassingAsserts":1,"retryReasons":[],"status":"passed","title":"carga traducciones en inglés"},{"ancestorTitles":[],"duration":2,"failureDetails":[],"failureMessages":[],"fullName":"fallback a español si no existe clave en idioma","invocations":1,"location":null,"numPassingAsserts":1,"retryReasons":[],"status":"passed","title":"fallback a español si no existe clave en idioma"}],"endTime":1780498733387,"message":"","name":"C:\\Users\\GutierreZ\\Documents\\GitHub\\BuscadorSematico\\Ont-Becas-Universitarias-Web-main\\Ont-Becas-Universitarias-Web-main\\Motor-Becas-Universitarias-full\\__tests__\\i18n.test.js","startTime":1780498733197,"status":"passed","summary":""},{"assertionResults":[{"ancestorTitles":[],"duration":3,"failureDetails":[],"failureMessages":[],"fullName":"usa query lang si está presente","invocations":1,"location":null,"numPassingAsserts":3,"retryReasons":[],"status":"passed","title":"usa query lang si está presente"},{"ancestorTitles":[],"duration":1,"failureDetails":[],"failureMessages":[],"fullName":"usa cookie lang si no hay query","invocations":1,"location":null,"numPassingAsserts":3,"retryReasons":[],"status":"passed","title":"usa cookie lang si no hay query"},{"ancestorTitles":[],"duration":2,"failureDetails":[],"failureMessages":[],"fullName":"usa header Accept-Language si no hay query ni cookie","invocations":1,"location":null,"numPassingAsserts":3,"retryReasons":[],"status":"passed","title":"usa header Accept-Language si no hay query ni cookie"},{"ancestorTitles":[],"duration":4,"failureDetails":[],"failureMessages":[],"fullName":"valor por defecto es en","invocations":1,"location":null,"numPassingAsserts":2,"retryReasons":[],"status":"passed","title":"valor por defecto es en"}],"endTime":1780498733615,"message":"","name":"C:\\Users\\GutierreZ\\Documents\\GitHub\\BuscadorSematico\\Ont-Becas-Universitarias-Web-main\\Ont-Becas-Universitarias-Web-main\\Motor-Becas-Universitarias-full\\__tests__\\language.test.js","startTime":1780498733402,"status":"passed","summary":""},{"assertionResults":[{"ancestorTitles":["Integración i18n en la ruta /"],"duration":127,"failureDetails":[],"failureMessages":[],"fullName":"Integración i18n en la ruta / GET /?lang=es contiene título en es","invocations":1,"location":null,"numPassingAsserts":2,"retryReasons":[],"status":"passed","title":"GET /?lang=es contiene título en es"},{"ancestorTitles":["Integración i18n en la ruta /"],"duration":53,"failureDetails":[],"failureMessages":[],"fullName":"Integración i18n en la ruta / GET /?lang=en contiene título en en","invocations":1,"location":null,"numPassingAsserts":2,"retryReasons":[],"status":"passed","title":"GET /?lang=en contiene título en en"},{"ancestorTitles":["Integración i18n en la ruta /"],"duration":44,"failureDetails":[],"failureMessages":[],"fullName":"Integración i18n en la ruta / GET /?lang=pt contiene título en pt","invocations":1,"location":null,"numPassingAsserts":2,"retryReasons":[],"status":"passed","title":"GET /?lang=pt contiene título en pt"},{"ancestorTitles":["Integración i18n en la ruta /"],"duration":49,"failureDetails":[],"failureMessages":[],"fullName":"Integración i18n en la ruta / GET /?lang=fr contiene título en fr","invocations":1,"location":null,"numPassingAsserts":2,"retryReasons":[],"status":"passed","title":"GET /?lang=fr contiene título en fr"},{"ancestorTitles":["Integración i18n en la ruta /"],"duration":48,"failureDetails":[],"failureMessages":[],"fullName":"Integración i18n en la ruta / GET /?lang=de contiene título en de","invocations":1,"location":null,"numPassingAsserts":2,"retryReasons":[],"status":"passed","title":"GET /?lang=de contiene título en de"}],"endTime":1780498734422,"message":"","name":"C:\\Users\\GutierreZ\\Documents\\GitHub\\BuscadorSematico\\Ont-Becas-Universitarias-Web-main\\Ont-Becas-Universitarias-Web-main\\Motor-Becas-Universitarias-full\\__tests__\\integration.i18n.test.js","startTime":1780498733630,"status":"passed","summary":""}],"wasInterrupted":false}
