{"numFailedTestSuites":0,"numFailedTests":0,"numPassedTestSuites":1,"numPassedTests":4,"numPendingTestSuites":0,"numPendingTests":0,"numRuntimeErrorTestSuites":0,"numTodoTests":0,"numTotalTestSuites":1,"numTotalTests":4,"openHandles":[],"snapshot":{"added":0,"didUpdate":false,"failure":false,"filesAdded":0,"filesRemoved":0,"filesRemovedList":[],"filesUnmatched":0,"filesUpdated":0,"matched":0,"total":0,"unchecked":0,"uncheckedKeysByFile":[],"unmatched":0,"updated":0},"startTime":1780500039580,"success":true,"testResults":[{"assertionResults":[{"ancestorTitles":["Integración /search y /disease"],"duration":587,"failureDetails":[],"failureMessages":[],"fullName":"Integración /search y /disease GET /search retorna resultados traducidos según lang","invocations":1,"location":null,"numPassingAsserts":2,"retryReasons":[],"status":"passed","title":"GET /search retorna resultados traducidos según lang"},{"ancestorTitles":["Integración /search y /disease"],"duration":105,"failureDetails":[],"failureMessages":[],"fullName":"Integración /search y /disease al cambiar idioma preserva el parámetro q en los enlaces del selector","invocations":1,"location":null,"numPassingAsserts":2,"retryReasons":[],"status":"passed","title":"al cambiar idioma preserva el parámetro q en los enlaces del selector"},{"ancestorTitles":["Integración /search y /disease"],"duration":76,"failureDetails":[],"failureMessages":[],"fullName":"Integración /search y /disease GET /disease/:uri usa dbpediaService para URIs dbpedia","invocations":1,"location":null,"numPassingAsserts":2,"retryReasons":[],"status":"passed","title":"GET /disease/:uri usa dbpediaService para URIs dbpedia"},{"ancestorTitles":["Integración /search y /disease"],"duration":83,"failureDetails":[],"failureMessages":[],"fullName":"Integración /search y /disease GET /disease/:uri usa rdfService para ontología local","invocations":1,"location":null,"numPassingAsserts":2,"retryReasons":[],"status":"passed","title":"GET /disease/:uri usa rdfService para ontología local"}],"endTime":1780500043021,"message":"","name":"C:\\Users\\GutierreZ\\Documents\\GitHub\\BuscadorSematico\\Ont-Becas-Universitarias-Web-main\\Ont-Becas-Universitarias-Web-main\\Motor-Becas-Universitarias-full\\__tests__\\integration.search.detail.test.js","startTime":1780500039847,"status":"passed","summary":""}],"wasInterrupted":false}
